<?xml version="1.0" encoding="UTF-8"?>
<testng-results ignored="0" total="2" passed="2" failed="0" skipped="0">
  <reporter-output>
  </reporter-output>
  <suite started-at="2024-12-29T18:37:23 IST" name="Default suite" finished-at="2024-12-29T18:39:28 IST" duration-ms="125320">
    <groups>
    </groups>
    <test started-at="2024-12-29T18:37:23 IST" name="Default test" finished-at="2024-12-29T18:39:28 IST" duration-ms="125320">
      <class name="Tests.StandaloneTest">
        <test-method is-config="true" signature="launchApp()[pri:0, instance:Tests.StandaloneTest@6dc17b83]" started-at="2024-12-29T18:37:24 IST" name="launchApp" finished-at="2024-12-29T18:37:33 IST" duration-ms="9436" status="PASS">
          <reporter-output>
          </reporter-output>
        </test-method> <!-- launchApp -->
        <test-method signature="launchApplication(java.util.HashMap)[pri:0, instance:Tests.StandaloneTest@6dc17b83]" started-at="2024-12-29T18:37:33 IST" name="launchApplication" data-provider="getData" finished-at="2024-12-29T18:38:28 IST" duration-ms="54718" status="PASS">
          <params>
            <param index="0">
              <value>
                <![CDATA[{password=Chakri@1234, product=ADIDAS ORIGINAL, email=chakrireddy170@gmail.com}]]>
              </value>
            </param>
          </params>
          <reporter-output>
          </reporter-output>
        </test-method> <!-- launchApplication -->
        <test-method is-config="true" signature="tearDown()[pri:0, instance:Tests.StandaloneTest@6dc17b83]" started-at="2024-12-29T18:38:28 IST" name="tearDown" finished-at="2024-12-29T18:38:28 IST" duration-ms="674" status="PASS">
          <reporter-output>
          </reporter-output>
        </test-method> <!-- tearDown -->
        <test-method is-config="true" signature="launchApp()[pri:0, instance:Tests.StandaloneTest@6dc17b83]" started-at="2024-12-29T18:38:28 IST" name="launchApp" finished-at="2024-12-29T18:38:32 IST" duration-ms="3282" status="PASS">
          <reporter-output>
          </reporter-output>
        </test-method> <!-- launchApp -->
        <test-method signature="launchApplication(java.util.HashMap)[pri:0, instance:Tests.StandaloneTest@6dc17b83]" started-at="2024-12-29T18:38:32 IST" name="launchApplication" data-provider="getData" finished-at="2024-12-29T18:39:27 IST" duration-ms="55538" status="PASS">
          <params>
            <param index="0">
              <value>
                <![CDATA[{password=Chakri@1234, product=ADIDAS ORIGINAL, email=chakrireddy170@gmail.com}]]>
              </value>
            </param>
          </params>
          <reporter-output>
          </reporter-output>
        </test-method> <!-- launchApplication -->
        <test-method is-config="true" signature="tearDown()[pri:0, instance:Tests.StandaloneTest@6dc17b83]" started-at="2024-12-29T18:39:27 IST" name="tearDown" finished-at="2024-12-29T18:39:28 IST" duration-ms="535" status="PASS">
          <reporter-output>
          </reporter-output>
        </test-method> <!-- tearDown -->
      </class> <!-- Tests.StandaloneTest -->
    </test> <!-- Default test -->
  </suite> <!-- Default suite -->
</testng-results>
